<?xml version="1.0" encoding="UTF-8"?>
<!-- Generated by org.testng.reporters.JUnitXMLReporter -->
<testsuite ignored="1" hostname="BLR-STR-DURAI" failures="0" tests="1" name="UstgDemoAppSanityTest" time="0.335" errors="0" timestamp="2020-08-11T15:31:05 IST">
  <testcase classname="com.stackroute.automation.testng.DemoTestNG01" name="demo02Test" time="0.066"/>
  <testcase classname="com.stackroute.automation.testng.DemoTestNG01" name="demo01Test" time="0.0">
    <ignored/>
  </testcase> <!-- demo01Test -->
</testsuite> <!-- UstgDemoAppSanityTest -->
