<?xml version="1.0" encoding="UTF-8"?>
<!-- Generated by org.testng.reporters.JUnitXMLReporter -->
<testsuite ignored="1" hostname="BLR-STR-DURAI" failures="0" tests="1" name="UstgDemoAppRegressionTest(failed)" time="0.376" errors="0" timestamp="2020-08-11T15:29:41 IST">
  <testcase classname="com.stackroute.automation.testng.DemoTestNG01" name="demo01Test" time="0.04"/>
  <testcase classname="com.stackroute.automation.testng.DemoTestNG01" name="demo02Test" time="0.0">
    <ignored/>
  </testcase> <!-- demo02Test -->
</testsuite> <!-- UstgDemoAppRegressionTest(failed) -->
